wandb: [wandb.login()] Loaded credentials for https://api.wandb.ai from /home/jinzhta/.netrc.
wandb: Currently logged in as: jinzhta (jinzhta-massachusetts-institute-of-technology) to https://api.wandb.ai. Use `wandb login --relogin` to force relogin
wandb: Tracking run with wandb version 0.26.1
wandb: Run data is saved locally in /orcd/home/002/jinzhta/mpppo/MMAI_2026spring/project/results/exp5_multitask_film/seed_2024/wandb/run-20260507_193145-bea7cwza
wandb: Run `wandb offline` to turn off syncing.
wandb: Syncing run seed_2024
wandb: 猸愶笍 View project at https://wandb.ai/jinzhta-massachusetts-institute-of-technology/mmai-mpppo-exp5
wandb: 馃殌 View run at https://wandb.ai/jinzhta-massachusetts-institute-of-technology/mmai-mpppo-exp5/runs/bea7cwza
/home/jinzhta/.conda/envs/mpppo/lib/python3.11/site-packages/pymatgen/core/structure.py:3117: UserWarning: Issues encountered while parsing CIF: 1 fractional coordinates rounded to ideal values to avoid issues with finite precision.
  struct = parser.parse_structures(primitive=primitive)[0]
/home/jinzhta/.conda/envs/mpppo/lib/python3.11/site-packages/pymatgen/core/structure.py:3117: UserWarning: Issues encountered while parsing CIF: 2 fractional coordinates rounded to ideal values to avoid issues with finite precision.
  struct = parser.parse_structures(primitive=primitive)[0]
wandb: updating run metadata
wandb: uploading history steps 2006-2349, summary, console lines 26-32
wandb: 
wandb: Run history:
wandb:                  epoch 鈻佲杹鈻佲杹鈻佲杺鈻傗杺鈻傗杻鈻冣杽鈻勨杽鈻勨杽鈻勨杽鈻勨杽鈻呪枀鈻呪枀鈻呪枂鈻嗏枂鈻嗏枂鈻嗏枂鈻嗏枂鈻嗏枃鈻団枃鈻堚枅
wandb:            epoch/epoch 鈻佲杹鈻佲杹鈻佲杺鈻傗杺鈻傗杺鈻傗杺鈻冣杻鈻冣杻鈻冣杻鈻冣杽鈻勨杽鈻勨杽鈻勨枀鈻呪枀鈻呪枀鈻嗏枂鈻嗏枂鈻嗏枃鈻堚枅鈻堚枅
wandb:               epoch/lr 鈻佲杺鈻冣杻鈻勨枃鈻堚枅鈻堚枅鈻堚枅鈻堚枅鈻堚枅鈻堚枅鈻堚枅鈻団枃鈻団枃鈻団枃鈻団枃鈻嗏枂鈻嗏枂鈻嗏枂鈻呪枀鈻呪枀鈻呪杽
wandb: epoch/train_loss_metal 鈻堚枅鈻堚枂鈻嗏杽鈻勨杽鈻冣杻鈻傗杺鈻傗杺鈻傗杺鈻佲杺鈻佲杹鈻佲杹鈻佲杹鈻佲杹鈻佲杹鈻佲杹鈻佲杹鈻佲杹鈻佲杹鈻佲杹鈻佲杹
wandb:   epoch/train_loss_reg 鈻団枅鈻嗏枂鈻堚枀鈻団枀鈻団枂鈻呪杽鈻呪杽鈻勨杻鈻冣杺鈻冣杻鈻傗杻鈻傗杺鈻冣杺鈻傗杻鈻佲杺鈻傗杺鈻傗杺鈻佲杹鈻佲杹鈻佲杹
wandb: epoch/train_loss_total 鈻堚枃鈻堚枅鈻堚枃鈻嗏枀鈻冣杽鈻冣杻鈻冣杻鈻傗杺鈻傗杺鈻傗杺鈻傗杺鈻佲杹鈻佲杺鈻佲杹鈻佲杹鈻佲杹鈻佲杹鈻佲杹鈻佲杹鈻佲杹
wandb:   epoch/val_loss_total 鈻団枅鈻堚枃鈻嗏枂鈻呪枃鈻嗏枂鈻呪枀鈻呪杻鈻勨枀鈻呪枀鈻団枂鈻勨枀鈻冣杻鈻堚杽鈻冣枂鈻勨枀鈻嗏杽鈻呪杻鈻冣杹鈻佲杺鈻冣杺
wandb:          epoch/val_mae 鈻呪枀鈻嗏枂鈻嗏枃鈻呪枂鈻団枅鈻嗏杽鈻冣枀鈻嗏杻鈻嗏杽鈻勨杺鈻勨杽鈻冣杽鈻冣杽鈻勨杻鈻傗杻鈻傗杺鈻傗杻鈻傗杹鈻傗杹鈻傗杻
wandb:    epoch/val_metal_acc 鈻佲杹鈻佲杽鈻冣杽鈻冣枀鈻冣杽鈻冣杽鈻嗏杽鈻冣杽鈻嗏枀鈻勨枀鈻呪杻鈻嗏杽鈻団杹鈻勨杽鈻嗏枃鈻呪枂鈻呪枂鈻嗏枅鈻堚枂鈻嗏枃
wandb:           epoch/val_r2 鈻冣杻鈻傗杺鈻佲杻鈻傗杻鈻冣杺鈻勨杻鈻冣杽鈻勨枀鈻呪枃鈻嗏枂鈻堚枀鈻堚枀鈻団枂鈻団枃鈻嗏枃鈻嗏枂鈻嗏枃鈻団枂鈻嗏枃鈻団枃
wandb:                     +5 ...
wandb: 
wandb: Run summary:
wandb:                  epoch 94
wandb:            epoch/epoch 94
wandb:               epoch/lr 6e-05
wandb: epoch/train_loss_metal 0.00062
wandb:   epoch/train_loss_reg 0.02419
wandb: epoch/train_loss_total 0.02438
wandb:   epoch/val_loss_total 0.29443
wandb:          epoch/val_mae 0.5054
wandb:    epoch/val_metal_acc 0.9074
wandb:           epoch/val_r2 0.7658
wandb:                     +8 ...
wandb: 
wandb: 馃殌 View run seed_2024 at: https://wandb.ai/jinzhta-massachusetts-institute-of-technology/mmai-mpppo-exp5/runs/bea7cwza
wandb: 猸愶笍 View project at: https://wandb.ai/jinzhta-massachusetts-institute-of-technology/mmai-mpppo-exp5
wandb: Synced 5 W&B file(s), 0 media file(s), 0 artifact file(s) and 0 other file(s)
wandb: Find logs at: ./results/exp5_multitask_film/seed_2024/wandb/run-20260507_193145-bea7cwza/logs
