wandb: [wandb.login()] Loaded credentials for https://api.wandb.ai from /home/jinzhta/.netrc.
wandb: Currently logged in as: jinzhta (jinzhta-massachusetts-institute-of-technology) to https://api.wandb.ai. Use `wandb login --relogin` to force relogin
wandb: setting up run ssjaolut
wandb: Tracking run with wandb version 0.26.1
wandb: Run data is saved locally in /orcd/home/002/jinzhta/mpppo/MMAI_2026spring/project/results/exp5_multitask_film/seed_42/wandb/run-20260507_193145-ssjaolut
wandb: Run `wandb offline` to turn off syncing.
wandb: Syncing run seed_42
wandb: 猸愶笍 View project at https://wandb.ai/jinzhta-massachusetts-institute-of-technology/mmai-mpppo-exp5
wandb: 馃殌 View run at https://wandb.ai/jinzhta-massachusetts-institute-of-technology/mmai-mpppo-exp5/runs/ssjaolut
/home/jinzhta/.conda/envs/mpppo/lib/python3.11/site-packages/pymatgen/core/structure.py:3117: UserWarning: Issues encountered while parsing CIF: 1 fractional coordinates rounded to ideal values to avoid issues with finite precision.
  struct = parser.parse_structures(primitive=primitive)[0]
/home/jinzhta/.conda/envs/mpppo/lib/python3.11/site-packages/pymatgen/core/structure.py:3117: UserWarning: Issues encountered while parsing CIF: 2 fractional coordinates rounded to ideal values to avoid issues with finite precision.
  struct = parser.parse_structures(primitive=primitive)[0]
wandb: updating run metadata
wandb: uploading history steps 2674-3299, summary, console lines 31-40
wandb: 
wandb: Run history:
wandb:                  epoch 鈻佲杹鈻佲杹鈻佲杹鈻佲杺鈻傗杺鈻冣杻鈻冣杻鈻冣杽鈻勨杽鈻勨杽鈻勨杽鈻勨枀鈻呪枀鈻呪枀鈻嗏枂鈻嗏枂鈻嗏枂鈻団枃鈻団枃鈻団枅
wandb:            epoch/epoch 鈻佲杹鈻佲杹鈻佲杺鈻傗杺鈻傗杺鈻冣杻鈻冣杻鈻冣杻鈻勨杽鈻勨杽鈻勨枀鈻呪枀鈻呪枂鈻嗏枂鈻嗏枂鈻嗏枂鈻団枃鈻団枃鈻団枅鈻堚枅
wandb:               epoch/lr 鈻佲杺鈻勨枀鈻嗏枃鈻堚枅鈻堚枅鈻堚枅鈻堚枅鈻堚枃鈻団枃鈻団枃鈻団枃鈻団枃鈻嗏枀鈻呪枀鈻呪枀鈻勨杽鈻勨杽鈻勨杻鈻冣杻鈻冣杻
wandb: epoch/train_loss_metal 鈻堚枃鈻嗏枀鈻勨杻鈻冣杺鈻冣杺鈻傗杺鈻佲杹鈻佲杹鈻傗杹鈻佲杹鈻佲杹鈻佲杹鈻佲杹鈻佲杹鈻佲杹鈻佲杹鈻佲杹鈻佲杹鈻佲杹鈻佲杹
wandb:   epoch/train_loss_reg 鈻堚枅鈻堚枂鈻団枂鈻堚枂鈻呪枂鈻勨杽鈻勨杽鈻勨杻鈻冣杻鈻傗杻鈻冣杺鈻傗杺鈻冣杺鈻傗杺鈻傗杹鈻佲杹鈻傗杺鈻佲杹鈻佲杹鈻佲杹
wandb: epoch/train_loss_total 鈻堚枅鈻団枀鈻勨杽鈻勨杻鈻冣杽鈻傗杻鈻傗杺鈻冣杺鈻傗杺鈻傗杺鈻傗杹鈻佲杹鈻佲杹鈻佲杹鈻佲杹鈻佲杹鈻佲杹鈻佲杹鈻佲杹鈻佲杹
wandb:   epoch/val_loss_total 鈻堚枃鈻嗏枅鈻勨杻鈻団杽鈻呪杽鈻勨枃鈻勨枂鈻嗏枂鈻呪枅鈻傗杺鈻勨杺鈻傗杺鈻傗杺鈻冣杻鈻傗杽鈻佲杺鈻佲杺鈻佲杹鈻傗杻鈻冣杹
wandb:          epoch/val_mae 鈻呪枂鈻嗏枃鈻堚枃鈻嗏枀鈻堚杽鈻勨枃鈻嗏枂鈻勨枀鈻冣枀鈻冣杽鈻冣杽鈻勨杻鈻傗杺鈻傗杹鈻傗杹鈻勨杻鈻冣杽鈻冣杻鈻冣杻鈻佲杹
wandb:    epoch/val_metal_acc 鈻佲杹鈻佲杹鈻傗枀鈻呪杽鈻呪枀鈻呪枀鈻傗枀鈻嗏枅鈻呪枀鈻嗏枀鈻団枀鈻嗏枃鈻堚枀鈻勨枀鈻嗏枃鈻嗏枂鈻呪枃鈻嗏枃鈻嗏枀鈻呪枂
wandb:           epoch/val_r2 鈻勨杽鈻冣杽鈻冣杻鈻冣杻鈻佲杺鈻傗杻鈻勨枀鈻勨枂鈻嗏枂鈻嗏枂鈻嗏枂鈻嗏枃鈻団枃鈻堚枅鈻団枃鈻堚枃鈻団枂鈻団枃鈻団枅鈻団枅
wandb:                     +5 ...
wandb: 
wandb: Run summary:
wandb:                  epoch 132
wandb:            epoch/epoch 132
wandb:               epoch/lr 3e-05
wandb: epoch/train_loss_metal 0.00032
wandb:   epoch/train_loss_reg 0.01822
wandb: epoch/train_loss_total 0.01831
wandb:   epoch/val_loss_total 0.26019
wandb:          epoch/val_mae 0.4281
wandb:    epoch/val_metal_acc 0.9074
wandb:           epoch/val_r2 0.8106
wandb:                     +8 ...
wandb: 
wandb: 馃殌 View run seed_42 at: https://wandb.ai/jinzhta-massachusetts-institute-of-technology/mmai-mpppo-exp5/runs/ssjaolut
wandb: 猸愶笍 View project at: https://wandb.ai/jinzhta-massachusetts-institute-of-technology/mmai-mpppo-exp5
wandb: Synced 5 W&B file(s), 0 media file(s), 0 artifact file(s) and 0 other file(s)
wandb: Find logs at: ./results/exp5_multitask_film/seed_42/wandb/run-20260507_193145-ssjaolut/logs
