wandb: [wandb.login()] Loaded credentials for https://api.wandb.ai from /home/jinzhta/.netrc.
wandb: Currently logged in as: jinzhta (jinzhta-massachusetts-institute-of-technology) to https://api.wandb.ai. Use `wandb login --relogin` to force relogin
wandb: Tracking run with wandb version 0.26.1
wandb: Run data is saved locally in /orcd/home/002/jinzhta/mpppo/MMAI_2026spring/project/results/exp5_multitask_film/seed_1337/wandb/run-20260507_193148-b6cegppf
wandb: Run `wandb offline` to turn off syncing.
wandb: Syncing run seed_1337
wandb: 猸愶笍 View project at https://wandb.ai/jinzhta-massachusetts-institute-of-technology/mmai-mpppo-exp5
wandb: 馃殌 View run at https://wandb.ai/jinzhta-massachusetts-institute-of-technology/mmai-mpppo-exp5/runs/b6cegppf
/home/jinzhta/.conda/envs/mpppo/lib/python3.11/site-packages/pymatgen/core/structure.py:3117: UserWarning: Issues encountered while parsing CIF: 2 fractional coordinates rounded to ideal values to avoid issues with finite precision.
  struct = parser.parse_structures(primitive=primitive)[0]
/home/jinzhta/.conda/envs/mpppo/lib/python3.11/site-packages/pymatgen/core/structure.py:3117: UserWarning: Issues encountered while parsing CIF: 1 fractional coordinates rounded to ideal values to avoid issues with finite precision.
  struct = parser.parse_structures(primitive=primitive)[0]
wandb: updating run metadata
wandb: uploading history steps 2595-2874, summary, console lines 30-37
wandb: 
wandb: Run history:
wandb:                  epoch 鈻佲杹鈻佲杹鈻傗杺鈻傗杺鈻冣杻鈻冣杻鈻冣杻鈻冣杽鈻勨杽鈻勨杽鈻勨枀鈻呪枀鈻呪枀鈻呪枀鈻呪枂鈻団枃鈻団枃鈻団枃鈻堚枅鈻堚枅
wandb:            epoch/epoch 鈻佲杹鈻傗杺鈻傗杻鈻冣杻鈻冣杽鈻勨杽鈻勨杽鈻勨枀鈻呪枀鈻呪枀鈻呪枂鈻嗏枂鈻嗏枂鈻嗏枂鈻嗏枃鈻団枃鈻団枃鈻団枅鈻堚枅鈻堚枅
wandb:               epoch/lr 鈻佲杹鈻冣枀鈻呪枃鈻堚枅鈻堚枅鈻堚枅鈻団枃鈻団枃鈻団枃鈻団枂鈻嗏枂鈻嗏枂鈻嗏枂鈻嗏枀鈻呪枀鈻呪枀鈻呪枀鈻勨杽鈻勨杽鈻勨杻
wandb: epoch/train_loss_metal 鈻堚枅鈻堚枅鈻団杻鈻冣杻鈻冣杺鈻傗杺鈻傗杺鈻傗杹鈻佲杹鈻佲杹鈻佲杹鈻佲杹鈻佲杹鈻佲杹鈻佲杹鈻佲杹鈻佲杹鈻佲杹鈻佲杹鈻佲杹
wandb:   epoch/train_loss_reg 鈻堚枅鈻団枅鈻堚枅鈻団枃鈻団枂鈻嗏枂鈻嗏杽鈻嗏枂鈻冣杻鈻勨杽鈻傗杻鈻傗杺鈻傗杺鈻傗杺鈻傗杺鈻佲杺鈻傗杺鈻佲杹鈻傗杹鈻佲杹
wandb: epoch/train_loss_total 鈻堚枃鈻呪枀鈻呪杽鈻勨杻鈻冣杽鈻冣杻鈻冣杺鈻傗杺鈻傗杺鈻傗杺鈻冣杺鈻傗杹鈻傗杹鈻傗杹鈻傗杹鈻佲杹鈻佲杹鈻佲杹鈻佲杹鈻佲杹
wandb:   epoch/val_loss_total 鈻嗏枃鈻堚枃鈻嗏枃鈻呪杺鈻勨杻鈻冣枃鈻嗏枀鈻呪枂鈻呪杽鈻呪枀鈻嗏枀鈻佲枀鈻呪杽鈻傗杽鈻勨杹鈻勨杻鈻勨枀鈻団杽鈻嗏枅鈻堚枂
wandb:          epoch/val_mae 鈻嗏枃鈻団杽鈻団枂鈻呪枂鈻堚枂鈻嗏杻鈻勨枀鈻呪枂鈻呪杽鈻傗杽鈻傗杺鈻勨杽鈻冣杽鈻勨杻鈻傗杻鈻佲杺鈻冣杺鈻勨杻鈻傗杺鈻冣杺
wandb:    epoch/val_metal_acc 鈻佲杹鈻冣杹鈻勨枂鈻嗏枀鈻勨枀鈻勨杽鈻冣枀鈻冣枂鈻佲杽鈻冣杻鈻冣枃鈻勨杽鈻呪杽鈻勨枅鈻嗏枃鈻勨枀鈻嗏杻鈻嗏枃鈻呪杻鈻冣杽
wandb:           epoch/val_r2 鈻呪枀鈻冣杽鈻冣杺鈻佲枀鈻勨杽鈻呪杻鈻勨杻鈻冣枀鈻嗏枀鈻嗏枀鈻呪枅鈻嗏枃鈻嗏枅鈻堚枅鈻団枃鈻堚枅鈻団枅鈻堚枅鈻団枅鈻団枃
wandb:                     +5 ...
wandb: 
wandb: Run summary:
wandb:                  epoch 115
wandb:            epoch/epoch 115
wandb:               epoch/lr 5e-05
wandb: epoch/train_loss_metal 0.00036
wandb:   epoch/train_loss_reg 0.01975
wandb: epoch/train_loss_total 0.01986
wandb:   epoch/val_loss_total 0.4126
wandb:          epoch/val_mae 0.5191
wandb:    epoch/val_metal_acc 0.8519
wandb:           epoch/val_r2 0.7046
wandb:                     +8 ...
wandb: 
wandb: 馃殌 View run seed_1337 at: https://wandb.ai/jinzhta-massachusetts-institute-of-technology/mmai-mpppo-exp5/runs/b6cegppf
wandb: 猸愶笍 View project at: https://wandb.ai/jinzhta-massachusetts-institute-of-technology/mmai-mpppo-exp5
wandb: Synced 5 W&B file(s), 0 media file(s), 0 artifact file(s) and 0 other file(s)
wandb: Find logs at: ./results/exp5_multitask_film/seed_1337/wandb/run-20260507_193148-b6cegppf/logs
