wandb: [wandb.login()] Loaded credentials for https://api.wandb.ai from /home/jinzhta/.netrc.
wandb: Currently logged in as: jinzhta (jinzhta-massachusetts-institute-of-technology) to https://api.wandb.ai. Use `wandb login --relogin` to force relogin
wandb: setting up run o7814zas
wandb: Tracking run with wandb version 0.26.1
wandb: Run data is saved locally in /orcd/home/002/jinzhta/mpppo/MMAI_2026spring/project/results/exp5_multitask_film/seed_7/wandb/run-20260507_193145-o7814zas
wandb: Run `wandb offline` to turn off syncing.
wandb: Syncing run seed_7
wandb: ‚≠źÔłŹ View project at https://wandb.ai/jinzhta-massachusetts-institute-of-technology/mmai-mpppo-exp5
wandb: ūüöÄ View run at https://wandb.ai/jinzhta-massachusetts-institute-of-technology/mmai-mpppo-exp5/runs/o7814zas
/home/jinzhta/.conda/envs/mpppo/lib/python3.11/site-packages/pymatgen/core/structure.py:3117: UserWarning: Issues encountered while parsing CIF: 1 fractional coordinates rounded to ideal values to avoid issues with finite precision.
  struct = parser.parse_structures(primitive=primitive)[0]
/home/jinzhta/.conda/envs/mpppo/lib/python3.11/site-packages/pymatgen/core/structure.py:3117: UserWarning: Issues encountered while parsing CIF: 2 fractional coordinates rounded to ideal values to avoid issues with finite precision.
  struct = parser.parse_structures(primitive=primitive)[0]
wandb: updating run metadata
wandb: uploading history steps 390-774, summary, console lines 13-20
wandb: 
wandb: Run history:
wandb:                  epoch ‚ĖĀ‚ĖĀ‚ĖĀ‚ĖĀ‚Ėā‚Ėā‚Ėā‚Ėā‚Ėā‚Ėā‚Ėā‚Ėā‚Ėā‚Ėā‚Ėā‚ĖÉ‚ĖÉ‚ĖÉ‚ĖĄ‚ĖĄ‚ĖĄ‚ĖÖ‚ĖÖ‚ĖÖ‚ĖÖ‚ĖÖ‚ĖÖ‚ĖÜ‚ĖÜ‚ĖÜ‚ĖÜ‚Ėá‚Ėá‚Ėá‚Ėá‚Ėą‚Ėą‚Ėą‚Ėą‚Ėą
wandb:            epoch/epoch ‚ĖĀ‚ĖĀ‚ĖĀ‚Ėā‚Ėā‚Ėā‚Ėā‚ĖÉ‚ĖÉ‚ĖÉ‚ĖÉ‚ĖĄ‚ĖĄ‚ĖĄ‚ĖĄ‚ĖÖ‚ĖÖ‚ĖÖ‚ĖÖ‚ĖÖ‚ĖÜ‚ĖÜ‚ĖÜ‚ĖÜ‚Ėá‚Ėá‚Ėá‚Ėá‚Ėą‚Ėą‚Ėą
wandb:               epoch/lr ‚ĖĀ‚ĖĀ‚Ėā‚Ėā‚Ėā‚ĖÉ‚ĖÉ‚ĖĄ‚ĖĄ‚ĖĄ‚ĖÖ‚ĖÖ‚ĖÖ‚ĖÜ‚ĖÜ‚Ėá‚Ėá‚Ėá‚Ėą‚Ėą‚Ėą‚Ėą‚Ėą‚Ėą‚Ėą‚Ėą‚Ėą‚Ėą‚Ėą‚Ėą‚Ėą
wandb: epoch/train_loss_metal ‚Ėą‚Ėą‚Ėą‚Ėą‚Ėą‚Ėą‚Ėą‚Ėá‚Ėá‚ĖÜ‚ĖÖ‚ĖÖ‚ĖĄ‚ĖÉ‚ĖÉ‚ĖÉ‚Ėā‚Ėā‚ĖÉ‚ĖÉ‚Ėā‚Ėā‚Ėā‚Ėā‚ĖĀ‚ĖĀ‚ĖĀ‚ĖĀ‚ĖĀ‚ĖĀ‚ĖĀ
wandb:   epoch/train_loss_reg ‚ĖÜ‚ĖÜ‚Ėá‚Ėá‚ĖÜ‚ĖÖ‚ĖÜ‚ĖÖ‚Ėá‚ĖÜ‚ĖÜ‚ĖÖ‚ĖÖ‚ĖÖ‚ĖĄ‚ĖĄ‚Ėá‚ĖÖ‚Ėą‚Ėá‚ĖÉ‚ĖÖ‚ĖÜ‚ĖÉ‚ĖÖ‚ĖĄ‚ĖÖ‚ĖÉ‚ĖÉ‚Ėā‚ĖĀ
wandb: epoch/train_loss_total ‚Ėą‚Ėą‚Ėą‚Ėą‚Ėą‚Ėá‚Ėá‚Ėá‚Ėá‚ĖÜ‚ĖÜ‚ĖÖ‚ĖĄ‚ĖĄ‚ĖÉ‚ĖÉ‚ĖÉ‚ĖÉ‚ĖĄ‚ĖĄ‚Ėā‚Ėā‚ĖÉ‚Ėā‚Ėā‚Ėā‚Ėā‚ĖĀ‚Ėā‚ĖĀ‚ĖĀ
wandb:   epoch/val_loss_total ‚ĖÜ‚Ėá‚Ėá‚Ėá‚Ėá‚Ėá‚Ėá‚ĖÜ‚Ėá‚ĖÜ‚ĖĄ‚Ėą‚Ėā‚Ėā‚ĖÖ‚ĖĄ‚Ėą‚ĖĀ‚ĖÉ‚Ėā‚ĖÉ‚ĖĀ‚ĖÉ‚ĖÉ‚Ėą‚ĖÜ‚ĖĄ‚ĖÉ‚ĖĄ‚Ėā‚ĖĀ
wandb:          epoch/val_mae ‚ĖĀ‚Ėā‚ĖÉ‚ĖÉ‚ĖÉ‚ĖÉ‚ĖÉ‚ĖÉ‚ĖÖ‚ĖÖ‚ĖÉ‚Ėą‚ĖÉ‚ĖÉ‚ĖÜ‚ĖÖ‚Ėą‚Ėā‚ĖÖ‚ĖÉ‚ĖĄ‚ĖĀ‚ĖÉ‚ĖÉ‚ĖÜ‚ĖĄ‚ĖÉ‚ĖÉ‚ĖĄ‚ĖĀ‚Ėā
wandb:    epoch/val_metal_acc ‚Ėā‚Ėā‚Ėā‚Ėā‚ĖÉ‚ĖÜ‚ĖĄ‚ĖÉ‚Ėá‚Ėá‚ĖÜ‚ĖĀ‚Ėą‚Ėá‚Ėá‚ĖÜ‚ĖÉ‚Ėá‚ĖĄ‚Ėá‚Ėą‚ĖÜ‚ĖÉ‚Ėá‚ĖĄ‚ĖÜ‚ĖÜ‚ĖÜ‚Ėá‚ĖÜ‚Ėą
wandb:           epoch/val_r2 ‚Ėą‚Ėá‚Ėá‚ĖÜ‚ĖÖ‚ĖÜ‚ĖÖ‚ĖÖ‚ĖÖ‚ĖĄ‚ĖÖ‚ĖĀ‚ĖÖ‚ĖÖ‚ĖÉ‚ĖÉ‚Ėā‚ĖÖ‚ĖÉ‚ĖÖ‚ĖÖ‚ĖÜ‚ĖÖ‚ĖÖ‚Ėā‚ĖÉ‚ĖÉ‚ĖÖ‚ĖĄ‚ĖÜ‚Ėá
wandb:                     +5 ...
wandb: 
wandb: Run summary:
wandb:                  epoch 31
wandb:            epoch/epoch 31
wandb:               epoch/lr 0.0001
wandb: epoch/train_loss_metal 0.10035
wandb:   epoch/train_loss_reg 0.07004
wandb: epoch/train_loss_total 0.10015
wandb:   epoch/val_loss_total 0.32939
wandb:          epoch/val_mae 0.6227
wandb:    epoch/val_metal_acc 0.8889
wandb:           epoch/val_r2 0.5602
wandb:                     +8 ...
wandb: 
wandb: ūüöÄ View run seed_7 at: https://wandb.ai/jinzhta-massachusetts-institute-of-technology/mmai-mpppo-exp5/runs/o7814zas
wandb: ‚≠źÔłŹ View project at: https://wandb.ai/jinzhta-massachusetts-institute-of-technology/mmai-mpppo-exp5
wandb: Synced 5 W&B file(s), 0 media file(s), 0 artifact file(s) and 0 other file(s)
wandb: Find logs at: ./results/exp5_multitask_film/seed_7/wandb/run-20260507_193145-o7814zas/logs
