wandb: [wandb.login()] Loaded credentials for https://api.wandb.ai from /home/jinzhta/.netrc.
wandb: Currently logged in as: jinzhta (jinzhta-massachusetts-institute-of-technology) to https://api.wandb.ai. Use `wandb login --relogin` to force relogin
wandb: Tracking run with wandb version 0.26.1
wandb: Run data is saved locally in /orcd/home/002/jinzhta/mpppo/MMAI_2026spring/project/results/exp5_multitask_film/seed_999/wandb/run-20260507_193243-jw6viixy
wandb: Run `wandb offline` to turn off syncing.
wandb: Syncing run seed_999
wandb: ‚≠źÔłŹ View project at https://wandb.ai/jinzhta-massachusetts-institute-of-technology/mmai-mpppo-exp5
wandb: ūüöÄ View run at https://wandb.ai/jinzhta-massachusetts-institute-of-technology/mmai-mpppo-exp5/runs/jw6viixy
/home/jinzhta/.conda/envs/mpppo/lib/python3.11/site-packages/pymatgen/core/structure.py:3117: UserWarning: Issues encountered while parsing CIF: 2 fractional coordinates rounded to ideal values to avoid issues with finite precision.
  struct = parser.parse_structures(primitive=primitive)[0]
/home/jinzhta/.conda/envs/mpppo/lib/python3.11/site-packages/pymatgen/core/structure.py:3117: UserWarning: Issues encountered while parsing CIF: 1 fractional coordinates rounded to ideal values to avoid issues with finite precision.
  struct = parser.parse_structures(primitive=primitive)[0]
wandb: updating run metadata
wandb: uploading history steps 461-774, summary, console lines 13-20
wandb: 
wandb: Run history:
wandb:                  epoch ‚ĖĀ‚ĖĀ‚ĖĀ‚ĖĀ‚ĖĀ‚Ėā‚Ėā‚Ėā‚Ėā‚Ėā‚Ėā‚Ėā‚ĖÉ‚ĖÉ‚ĖÉ‚ĖÉ‚ĖÉ‚ĖÉ‚ĖÉ‚ĖÉ‚ĖĄ‚ĖĄ‚ĖÖ‚ĖÖ‚ĖÖ‚ĖÖ‚ĖÖ‚ĖÖ‚ĖÖ‚ĖÖ‚ĖÜ‚ĖÜ‚ĖÜ‚ĖÜ‚Ėá‚Ėá‚Ėá‚Ėá‚Ėá‚Ėą
wandb:            epoch/epoch ‚ĖĀ‚ĖĀ‚ĖĀ‚Ėā‚Ėā‚Ėā‚Ėā‚ĖÉ‚ĖÉ‚ĖÉ‚ĖÉ‚ĖĄ‚ĖĄ‚ĖĄ‚ĖĄ‚ĖÖ‚ĖÖ‚ĖÖ‚ĖÖ‚ĖÖ‚ĖÜ‚ĖÜ‚ĖÜ‚ĖÜ‚Ėá‚Ėá‚Ėá‚Ėá‚Ėą‚Ėą‚Ėą
wandb:               epoch/lr ‚ĖĀ‚ĖĀ‚Ėā‚Ėā‚Ėā‚ĖÉ‚ĖÉ‚ĖĄ‚ĖĄ‚ĖĄ‚ĖÖ‚ĖÖ‚ĖÖ‚ĖÜ‚ĖÜ‚Ėá‚Ėá‚Ėá‚Ėą‚Ėą‚Ėą‚Ėą‚Ėą‚Ėą‚Ėą‚Ėą‚Ėą‚Ėą‚Ėą‚Ėą‚Ėą
wandb: epoch/train_loss_metal ‚Ėą‚Ėą‚Ėą‚Ėą‚Ėą‚Ėą‚Ėą‚Ėá‚Ėá‚ĖÜ‚ĖÜ‚ĖÖ‚ĖĄ‚ĖĄ‚ĖĄ‚ĖÉ‚ĖÉ‚ĖÉ‚ĖÉ‚Ėā‚ĖÉ‚Ėā‚Ėā‚Ėā‚Ėā‚ĖĀ‚Ėā‚ĖĀ‚ĖĀ‚ĖĀ‚ĖĀ
wandb:   epoch/train_loss_reg ‚Ėą‚ĖÜ‚Ėą‚Ėá‚ĖÖ‚Ėá‚ĖÖ‚ĖÖ‚ĖÜ‚ĖĄ‚ĖĄ‚ĖĄ‚ĖÖ‚ĖĄ‚ĖÜ‚ĖĄ‚Ėā‚ĖÉ‚ĖÖ‚Ėá‚ĖÜ‚Ėā‚Ėā‚Ėā‚Ėā‚ĖĀ‚Ėā‚ĖĄ‚ĖĀ‚ĖĀ‚ĖÉ
wandb: epoch/train_loss_total ‚Ėą‚Ėą‚Ėą‚Ėą‚Ėá‚Ėą‚Ėá‚Ėá‚Ėá‚ĖÜ‚ĖÖ‚ĖÖ‚ĖĄ‚ĖĄ‚ĖĄ‚ĖÉ‚Ėā‚ĖÉ‚ĖÉ‚ĖÉ‚ĖÉ‚Ėā‚Ėā‚ĖĀ‚Ėā‚ĖĀ‚Ėā‚Ėā‚ĖĀ‚ĖĀ‚ĖĀ
wandb:   epoch/val_loss_total ‚ĖÖ‚ĖÖ‚Ėą‚ĖÖ‚ĖÜ‚Ėą‚ĖÜ‚ĖÜ‚ĖÉ‚ĖÖ‚Ėā‚Ėā‚Ėā‚ĖÖ‚ĖĀ‚Ėā‚ĖÉ‚Ėā‚ĖÉ‚Ėá‚ĖÖ‚ĖÉ‚ĖÜ‚ĖÉ‚ĖÉ‚ĖÉ‚ĖÉ‚ĖÉ‚ĖĀ‚ĖÜ‚ĖĄ
wandb:          epoch/val_mae ‚ĖĀ‚ĖĀ‚ĖĄ‚ĖĀ‚Ėā‚ĖÖ‚ĖÉ‚ĖÉ‚ĖĀ‚ĖĄ‚Ėā‚Ėā‚Ėā‚ĖÖ‚Ėā‚ĖĄ‚ĖĄ‚ĖĄ‚ĖĄ‚Ėą‚ĖÖ‚ĖĄ‚ĖÜ‚ĖĄ‚ĖÉ‚ĖĄ‚ĖÉ‚ĖĄ‚ĖÉ‚Ėá‚ĖÜ
wandb:    epoch/val_metal_acc ‚ĖĀ‚ĖĀ‚ĖĀ‚ĖĀ‚Ėā‚ĖĄ‚ĖĄ‚Ėā‚ĖĄ‚Ėā‚Ėą‚ĖĄ‚ĖÖ‚Ėā‚Ėá‚Ėá‚Ėá‚Ėá‚ĖĄ‚ĖĄ‚ĖĄ‚ĖÖ‚ĖÖ‚Ėá‚ĖĄ‚ĖÖ‚Ėá‚ĖÖ‚Ėą‚Ėá‚Ėá
wandb:           epoch/val_r2 ‚Ėą‚Ėą‚ĖÜ‚Ėą‚Ėá‚ĖÖ‚ĖÜ‚ĖÜ‚Ėá‚ĖÖ‚Ėá‚ĖÖ‚ĖÖ‚ĖĄ‚ĖÜ‚ĖÜ‚ĖÖ‚ĖÜ‚ĖĄ‚ĖĀ‚ĖÉ‚ĖÖ‚ĖÉ‚ĖÜ‚ĖÜ‚ĖÜ‚ĖÖ‚ĖÖ‚Ėą‚ĖĄ‚ĖĄ
wandb:                     +5 ...
wandb: 
wandb: Run summary:
wandb:                  epoch 31
wandb:            epoch/epoch 31
wandb:               epoch/lr 0.0001
wandb: epoch/train_loss_metal 0.05786
wandb:   epoch/train_loss_reg 0.08952
wandb: epoch/train_loss_total 0.10688
wandb:   epoch/val_loss_total 0.38249
wandb:          epoch/val_mae 0.7297
wandb:    epoch/val_metal_acc 0.8704
wandb:           epoch/val_r2 0.4821
wandb:                     +8 ...
wandb: 
wandb: ūüöÄ View run seed_999 at: https://wandb.ai/jinzhta-massachusetts-institute-of-technology/mmai-mpppo-exp5/runs/jw6viixy
wandb: ‚≠źÔłŹ View project at: https://wandb.ai/jinzhta-massachusetts-institute-of-technology/mmai-mpppo-exp5
wandb: Synced 5 W&B file(s), 0 media file(s), 0 artifact file(s) and 0 other file(s)
wandb: Find logs at: ./results/exp5_multitask_film/seed_999/wandb/run-20260507_193243-jw6viixy/logs
