[2026-05-07 19:54:57] Exp3 FiLM seed=999 on node4308
[Exp3-film] Device: cuda
[Exp3-film] Train=383, Val=54, Test=56
[Exp3-film] Building fusion model: film
[Exp3-film] Loading pretrained CGCNN from results/exp1_cgcnn/best_model.pt
  [CGCNN ckpt] loaded. Missing: 0, Unexpected: 0
[Exp3-film] Loading pretrained SciBERT from results/exp2_scibert/finetune/best_model.pt
  [BERT ckpt] loaded. Missing: 0, Unexpected: 0
[Exp3-film] Total params: 110,690,114, Trainable: 15,537,986
  Epoch   1 | loss=1.7359 | val MAE=0.7124 RMSE=1.0500 R2=0.5298
  Epoch   5 | loss=0.3410 | val MAE=0.6555 RMSE=1.0412 R2=0.5377
  Epoch  10 | loss=0.2210 | val MAE=0.5865 RMSE=0.9891 R2=0.5828
  Epoch  15 | loss=0.2106 | val MAE=0.6185 RMSE=0.9353 R2=0.6269
  Epoch  20 | loss=0.1956 | val MAE=0.6216 RMSE=1.0380 R2=0.5405
  Epoch  25 | loss=0.1758 | val MAE=0.5848 RMSE=0.9167 R2=0.6417
  Epoch  30 | loss=0.1717 | val MAE=0.6167 RMSE=0.9730 R2=0.5962
  Epoch  35 | loss=0.1136 | val MAE=0.6471 RMSE=0.9728 R2=0.5964
  Epoch  40 | loss=0.1052 | val MAE=0.6085 RMSE=0.9545 R2=0.6115
  Epoch  45 | loss=0.0863 | val MAE=0.6059 RMSE=0.9188 R2=0.6400
  Epoch  50 | loss=0.0844 | val MAE=0.5842 RMSE=0.8948 R2=0.6586
  Epoch  55 | loss=0.0920 | val MAE=0.6478 RMSE=0.9670 R2=0.6012
  Early stopping at epoch 59
[Exp3-film] Training done in 70.1s

[Exp3-film] Test Results:
  MAE  = 0.5274 eV
  RMSE = 0.8816 eV
  R2   = 0.6920
[Exp3-film] Results saved to /orcd/home/002/jinzhta/mpppo/MMAI_2026spring/project/results/exp3_fusion_multiseed/seed_999/film/
[2026-05-07 19:56:20] Done seed=999
