wandb: [wandb.login()] Loaded credentials for https://api.wandb.ai from /home/jinzhta/.netrc.
wandb: Currently logged in as: jinzhta (jinzhta-massachusetts-institute-of-technology) to https://api.wandb.ai. Use `wandb login --relogin` to force relogin
wandb: Tracking run with wandb version 0.26.1
wandb: Run data is saved locally in /orcd/home/002/jinzhta/mpppo/MMAI_2026spring/project/results/exp7_albef/seed_42/wandb/run-20260507_200044-5t7dtrj5
wandb: Run `wandb offline` to turn off syncing.
wandb: Syncing run seed_42
wandb: 猸愶笍 View project at https://wandb.ai/jinzhta-massachusetts-institute-of-technology/mmai-mpppo-exp5
wandb: 馃殌 View run at https://wandb.ai/jinzhta-massachusetts-institute-of-technology/mmai-mpppo-exp5/runs/5t7dtrj5
/home/jinzhta/.conda/envs/mpppo/lib/python3.11/site-packages/pymatgen/core/structure.py:3117: UserWarning: Issues encountered while parsing CIF: 1 fractional coordinates rounded to ideal values to avoid issues with finite precision.
  struct = parser.parse_structures(primitive=primitive)[0]
/home/jinzhta/.conda/envs/mpppo/lib/python3.11/site-packages/pymatgen/core/structure.py:3117: UserWarning: Issues encountered while parsing CIF: 2 fractional coordinates rounded to ideal values to avoid issues with finite precision.
  struct = parser.parse_structures(primitive=primitive)[0]
wandb: updating run metadata
wandb: uploading history steps 4491-4724, summary, console lines 45-51
wandb: 
wandb: Run history:
wandb:                  epoch 鈻佲杹鈻佲杹鈻佲杹鈻傗杺鈻傗杺鈻冣杻鈻冣杽鈻勨杽鈻勨枀鈻呪枀鈻呪枂鈻嗏枂鈻嗏枂鈻嗏枂鈻嗏枂鈻嗏枂鈻嗏枂鈻団枃鈻団枃鈻堚枅
wandb:            epoch/epoch 鈻佲杹鈻佲杹鈻佲杹鈻傗杺鈻傗杺鈻傗杺鈻冣杻鈻冣杽鈻勨杽鈻勨枀鈻呪枀鈻呪枀鈻嗏枂鈻嗏枂鈻嗏枂鈻団枃鈻団枃鈻団枃鈻団枅鈻堚枅
wandb:               epoch/lr 鈻傗枀鈻嗏枃鈻団枅鈻堚枅鈻堚枅鈻堚枃鈻団枃鈻団枃鈻嗏枂鈻呪枀鈻勨杽鈻勨杽鈻勨杽鈻勨杽鈻冣杻鈻傗杺鈻傗杺鈻傗杹鈻佲杹鈻佲杹
wandb: epoch/train_loss_metal 鈻堚枅鈻堚杽鈻冣杺鈻傗杹鈻佲杹鈻佲杹鈻佲杹鈻佲杹鈻佲杹鈻佲杹鈻佲杹鈻佲杹鈻佲杹鈻佲杹鈻佲杹鈻佲杹鈻佲杹鈻佲杹鈻佲杹鈻佲杹
wandb:   epoch/train_loss_reg 鈻堚杽鈻冣杻鈻傗杺鈻傗杺鈻傗杺鈻傗杹鈻佲杹鈻佲杹鈻佲杹鈻佲杹鈻佲杹鈻佲杹鈻佲杹鈻佲杹鈻佲杹鈻佲杹鈻佲杹鈻佲杹鈻佲杹鈻佲杹
wandb: epoch/train_loss_total 鈻堚枂鈻冣杻鈻傗杺鈻傗杺鈻傗杺鈻傗杹鈻佲杹鈻佲杹鈻佲杹鈻佲杹鈻佲杹鈻佲杹鈻佲杹鈻佲杹鈻佲杹鈻佲杹鈻佲杹鈻佲杹鈻佲杹鈻佲杹
wandb:   epoch/val_loss_total 鈻堚枂鈻冣杻鈻傗杺鈻冣杺鈻傗杹鈻傗杺鈻佲杻鈻傗杺鈻傗杺鈻傗杺鈻冣杺鈻傗杺鈻傗杺鈻佲杺鈻傗杺鈻傗杺鈻傗杺鈻傗杺鈻傗杺鈻傗杺
wandb:          epoch/val_mae 鈻団枀鈻勨枀鈻勨枃鈻堚枂鈻勨杽鈻勨枂鈻勨杺鈻冣杻鈻傗杻鈻傗杺鈻傗杺鈻佲杺鈻傗杹鈻佲杹鈻佲杹鈻佲杹鈻佲杹鈻傗杹鈻佲杹鈻佲杹
wandb:    epoch/val_metal_acc 鈻佲杺鈻勨枀鈻呪枀鈻勨杽鈻呪枀鈻嗏枀鈻呪枀鈻嗏枀鈻嗏枀鈻嗏枃鈻呪枅鈻団枂鈻嗏枅鈻団枅鈻堚枃鈻団枅鈻堚枅鈻堚枅鈻堚枅鈻堚枅
wandb:           epoch/val_r2 鈻佲枀鈻嗏枃鈻嗏枃鈻嗏枂鈻嗏枂鈻団枃鈻団枃鈻団枃鈻団枃鈻団枃鈻堚枅鈻堚枅鈻堚枅鈻堚枅鈻堚枅鈻堚枅鈻堚枅鈻堚枅鈻堚枅鈻堚枅
wandb:                     +5 ...
wandb: 
wandb: Run summary:
wandb:                  epoch 189
wandb:            epoch/epoch 189
wandb:               epoch/lr 0.0
wandb: epoch/train_loss_metal 0.00019
wandb:   epoch/train_loss_reg 0.01684
wandb: epoch/train_loss_total 0.0169
wandb:   epoch/val_loss_total 0.23467
wandb:          epoch/val_mae 0.3554
wandb:    epoch/val_metal_acc 0.9444
wandb:           epoch/val_r2 0.8915
wandb:                     +8 ...
wandb: 
wandb: 馃殌 View run seed_42 at: https://wandb.ai/jinzhta-massachusetts-institute-of-technology/mmai-mpppo-exp5/runs/5t7dtrj5
wandb: 猸愶笍 View project at: https://wandb.ai/jinzhta-massachusetts-institute-of-technology/mmai-mpppo-exp5
wandb: Synced 5 W&B file(s), 0 media file(s), 0 artifact file(s) and 0 other file(s)
wandb: Find logs at: ./results/exp7_albef/seed_42/wandb/run-20260507_200044-5t7dtrj5/logs
