wandb: [wandb.login()] Loaded credentials for https://api.wandb.ai from /home/jinzhta/.netrc.
wandb: Currently logged in as: jinzhta (jinzhta-massachusetts-institute-of-technology) to https://api.wandb.ai. Use `wandb login --relogin` to force relogin
wandb: Tracking run with wandb version 0.26.1
wandb: Run data is saved locally in /orcd/home/002/jinzhta/mpppo/MMAI_2026spring/project/results/exp7_albef/seed_1337/wandb/run-20260507_200044-0nne686w
wandb: Run `wandb offline` to turn off syncing.
wandb: Syncing run seed_1337
wandb: 猸愶笍 View project at https://wandb.ai/jinzhta-massachusetts-institute-of-technology/mmai-mpppo-exp5
wandb: 馃殌 View run at https://wandb.ai/jinzhta-massachusetts-institute-of-technology/mmai-mpppo-exp5/runs/0nne686w
/home/jinzhta/.conda/envs/mpppo/lib/python3.11/site-packages/pymatgen/core/structure.py:3117: UserWarning: Issues encountered while parsing CIF: 2 fractional coordinates rounded to ideal values to avoid issues with finite precision.
  struct = parser.parse_structures(primitive=primitive)[0]
/home/jinzhta/.conda/envs/mpppo/lib/python3.11/site-packages/pymatgen/core/structure.py:3117: UserWarning: Issues encountered while parsing CIF: 1 fractional coordinates rounded to ideal values to avoid issues with finite precision.
  struct = parser.parse_structures(primitive=primitive)[0]
wandb: updating run metadata
wandb: uploading config.yaml
wandb: 
wandb: Run history:
wandb:                  epoch 鈻佲杹鈻傗杺鈻傗杺鈻傗杺鈻傗杻鈻冣杻鈻冣杻鈻冣杽鈻勨杽鈻勨杽鈻勨杽鈻呪枀鈻呪枀鈻呪枂鈻嗏枂鈻嗏枃鈻団枃鈻団枃鈻団枃鈻団枅
wandb:            epoch/epoch 鈻佲杹鈻佲杹鈻傗杺鈻傗杺鈻傗杺鈻冣杻鈻冣杻鈻勨杽鈻勨杽鈻勨杽鈻勨枀鈻呪枀鈻呪枀鈻嗏枂鈻嗏枂鈻団枃鈻団枃鈻団枃鈻堚枅鈻堚枅
wandb:               epoch/lr 鈻佲杹鈻傗杻鈻勨枀鈻呪枂鈻嗏枃鈻堚枅鈻堚枅鈻堚枅鈻堚枅鈻堚枅鈻堚枅鈻堚枅鈻堚枅鈻堚枅鈻団枃鈻団枃鈻団枃鈻団枃鈻嗏枂鈻嗏枂
wandb: epoch/train_loss_metal 鈻堚枅鈻堚枅鈻団枀鈻呪杻鈻冣杺鈻傗杺鈻傗杺鈻傗杹鈻佲杹鈻佲杹鈻佲杹鈻佲杺鈻佲杹鈻佲杹鈻佲杹鈻佲杹鈻佲杹鈻佲杹鈻佲杹鈻佲杹
wandb:   epoch/train_loss_reg 鈻堚枀鈻勨杻鈻冣杻鈻傗杺鈻傗杺鈻傗杺鈻傗杺鈻傗杺鈻傗杺鈻佲杹鈻佲杹鈻佲杹鈻佲杹鈻佲杹鈻佲杹鈻佲杹鈻佲杹鈻佲杹鈻佲杹鈻佲杹
wandb: epoch/train_loss_total 鈻堚枃鈻嗏杽鈻勨杽鈻冣杻鈻冣杻鈻傗杺鈻傗杺鈻傗杺鈻傗杹鈻佲杺鈻傗杹鈻佲杹鈻佲杹鈻佲杹鈻佲杹鈻佲杹鈻佲杹鈻佲杹鈻佲杹鈻佲杹
wandb:   epoch/val_loss_total 鈻堚枂鈻勨杽鈻冣杻鈻冣杺鈻冣杺鈻傗杻鈻傗杺鈻傗杻鈻冣杻鈻傗杺鈻傗杺鈻傗杹鈻佲杺鈻傗杺鈻傗杺鈻傗杺鈻傗杹鈻佲杹鈻佲杹鈻傗杹
wandb:          epoch/val_mae 鈻堚枂鈻呪枀鈻勨杽鈻勨枀鈻冣枂鈻勨杽鈻勨杽鈻勨杽鈻呪杽鈻勨杻鈻傗杻鈻勨杻鈻傗杻鈻傗杻鈻佲杺鈻冣杹鈻佲杺鈻佲杺鈻傗杹鈻傗杹
wandb:    epoch/val_metal_acc 鈻佲杹鈻佲杻鈻傗杽鈻勨枂鈻勨杽鈻呪枂鈻呪杽鈻嗏枀鈻嗏枃鈻呪枂鈻嗏枃鈻団枂鈻嗏枃鈻呪枂鈻堚枀鈻堚枅鈻団枃鈻堚枅鈻嗏枂鈻嗏枅
wandb:           epoch/val_r2 鈻佲杽鈻呪枂鈻嗏枂鈻団枂鈻嗏枃鈻嗏枂鈻嗏枂鈻嗏枃鈻嗏枂鈻団枃鈻団枃鈻団枃鈻堚枃鈻堚枃鈻堚枅鈻団枃鈻堚枅鈻堚枅鈻堚枅鈻堚枅
wandb:                     +5 ...
wandb: 
wandb: Run summary:
wandb:                  epoch 81
wandb:            epoch/epoch 81
wandb:               epoch/lr 7e-05
wandb: epoch/train_loss_metal 0.00057
wandb:   epoch/train_loss_reg 0.02871
wandb: epoch/train_loss_total 0.02888
wandb:   epoch/val_loss_total 0.22108
wandb:          epoch/val_mae 0.4061
wandb:    epoch/val_metal_acc 0.9259
wandb:           epoch/val_r2 0.8581
wandb:                     +8 ...
wandb: 
wandb: 馃殌 View run seed_1337 at: https://wandb.ai/jinzhta-massachusetts-institute-of-technology/mmai-mpppo-exp5/runs/0nne686w
wandb: 猸愶笍 View project at: https://wandb.ai/jinzhta-massachusetts-institute-of-technology/mmai-mpppo-exp5
wandb: Synced 5 W&B file(s), 0 media file(s), 0 artifact file(s) and 0 other file(s)
wandb: Find logs at: ./results/exp7_albef/seed_1337/wandb/run-20260507_200044-0nne686w/logs
