wandb: [wandb.login()] Loaded credentials for https://api.wandb.ai from /home/jinzhta/.netrc.
wandb: Currently logged in as: jinzhta (jinzhta-massachusetts-institute-of-technology) to https://api.wandb.ai. Use `wandb login --relogin` to force relogin
wandb: Tracking run with wandb version 0.26.1
wandb: Run data is saved locally in /orcd/home/002/jinzhta/mpppo/MMAI_2026spring/project/results/exp7_albef/seed_999/wandb/run-20260507_200141-rhjteubv
wandb: Run `wandb offline` to turn off syncing.
wandb: Syncing run seed_999
wandb: 猸愶笍 View project at https://wandb.ai/jinzhta-massachusetts-institute-of-technology/mmai-mpppo-exp5
wandb: 馃殌 View run at https://wandb.ai/jinzhta-massachusetts-institute-of-technology/mmai-mpppo-exp5/runs/rhjteubv
/home/jinzhta/.conda/envs/mpppo/lib/python3.11/site-packages/pymatgen/core/structure.py:3117: UserWarning: Issues encountered while parsing CIF: 2 fractional coordinates rounded to ideal values to avoid issues with finite precision.
  struct = parser.parse_structures(primitive=primitive)[0]
/home/jinzhta/.conda/envs/mpppo/lib/python3.11/site-packages/pymatgen/core/structure.py:3117: UserWarning: Issues encountered while parsing CIF: 1 fractional coordinates rounded to ideal values to avoid issues with finite precision.
  struct = parser.parse_structures(primitive=primitive)[0]
wandb: updating run metadata
wandb: uploading history steps 1672-2424, summary, console lines 23-33
wandb: 
wandb: Run history:
wandb:                  epoch 鈻佲杹鈻佲杺鈻傗杺鈻傗杺鈻傗杺鈻冣杻鈻冣杻鈻冣杽鈻勨杽鈻勨杽鈻呪枀鈻呪枀鈻呪枂鈻嗏枂鈻嗏枂鈻嗏枂鈻団枃鈻団枃鈻団枅鈻堚枅
wandb:            epoch/epoch 鈻佲杹鈻佲杹鈻佲杺鈻傗杺鈻傗杺鈻傗杺鈻冣杻鈻冣杻鈻冣杻鈻冣杽鈻勨杽鈻勨杽鈻呪枀鈻呪枀鈻呪枂鈻嗏枂鈻嗏枃鈻団枃鈻団枃鈻堚枅
wandb:               epoch/lr 鈻佲杹鈻傗杺鈻勨杽鈻呪枂鈻団枅鈻堚枅鈻堚枅鈻堚枅鈻堚枅鈻堚枃鈻団枃鈻団枃鈻団枃鈻団枃鈻嗏枂鈻嗏枂鈻嗏枂鈻嗏枂鈻嗏枀鈻呪枀
wandb: epoch/train_loss_metal 鈻堚枅鈻堚枃鈻嗏杽鈻冣杻鈻傗杺鈻傗杺鈻佲杺鈻佲杺鈻佲杹鈻佲杹鈻佲杹鈻佲杹鈻佲杹鈻佲杹鈻佲杹鈻佲杹鈻佲杹鈻佲杹鈻佲杹鈻佲杹
wandb:   epoch/train_loss_reg 鈻堚枃鈻嗏杽鈻冣杺鈻傗杺鈻傗杺鈻傗杺鈻傗杺鈻傗杺鈻佲杹鈻傗杹鈻佲杹鈻佲杹鈻佲杹鈻佲杹鈻佲杹鈻佲杹鈻佲杹鈻佲杹鈻佲杹鈻佲杹
wandb: epoch/train_loss_total 鈻堚枃鈻団枀鈻呪杽鈻冣杻鈻冣杺鈻傗杻鈻傗杺鈻傗杺鈻傗杹鈻傗杺鈻佲杹鈻佲杹鈻佲杹鈻佲杹鈻佲杹鈻佲杹鈻佲杹鈻佲杹鈻佲杹鈻佲杹
wandb:   epoch/val_loss_total 鈻堚枂鈻勨杻鈻冣杺鈻傗杺鈻傗杺鈻傗杺鈻傗杺鈻佲杺鈻傗杻鈻傗杺鈻傗杺鈻佲杺鈻傗杺鈻傗杺鈻佲杹鈻冣杻鈻傗杻鈻傗杺鈻傗杺鈻傗杻
wandb:          epoch/val_mae 鈻堚杻鈻冣杺鈻傗杺鈻傗杺鈻傗杺鈻傗杺鈻佲杺鈻佲杺鈻傗杺鈻佲杺鈻佲杺鈻佲杹鈻傗杹鈻佲杺鈻佲杹鈻傗杹鈻佲杹鈻佲杹鈻佲杹鈻佲杹
wandb:    epoch/val_metal_acc 鈻佲枀鈻呪杻鈻嗏枂鈻嗏枃鈻団杹鈻呪枃鈻呪枀鈻嗏枀鈻冣枂鈻嗏枂鈻嗏枀鈻団枃鈻堚枃鈻堚杻鈻嗏枀鈻呪枀鈻嗏枅鈻堚枂鈻団枂鈻呪杻
wandb:           epoch/val_r2 鈻佲枀鈻嗏枂鈻団枂鈻団枃鈻嗏枃鈻嗏枃鈻団枃鈻団枃鈻堚枅鈻団枃鈻団枅鈻堚枃鈻堚枅鈻団枅鈻堚枃鈻堚枅鈻堚枅鈻堚枅鈻堚枅鈻堚枅
wandb:                     +5 ...
wandb: 
wandb: Run summary:
wandb:                  epoch 97
wandb:            epoch/epoch 97
wandb:               epoch/lr 6e-05
wandb: epoch/train_loss_metal 0.00045
wandb:   epoch/train_loss_reg 0.02601
wandb: epoch/train_loss_total 0.02615
wandb:   epoch/val_loss_total 0.3855
wandb:          epoch/val_mae 0.4423
wandb:    epoch/val_metal_acc 0.8519
wandb:           epoch/val_r2 0.7752
wandb:                     +8 ...
wandb: 
wandb: 馃殌 View run seed_999 at: https://wandb.ai/jinzhta-massachusetts-institute-of-technology/mmai-mpppo-exp5/runs/rhjteubv
wandb: 猸愶笍 View project at: https://wandb.ai/jinzhta-massachusetts-institute-of-technology/mmai-mpppo-exp5
wandb: Synced 5 W&B file(s), 0 media file(s), 0 artifact file(s) and 0 other file(s)
wandb: Find logs at: ./results/exp7_albef/seed_999/wandb/run-20260507_200141-rhjteubv/logs
