wandb: [wandb.login()] Loaded credentials for https://api.wandb.ai from /home/jinzhta/.netrc.
wandb: Currently logged in as: jinzhta (jinzhta-massachusetts-institute-of-technology) to https://api.wandb.ai. Use `wandb login --relogin` to force relogin
wandb: Tracking run with wandb version 0.26.1
wandb: Run data is saved locally in /orcd/home/002/jinzhta/mpppo/MMAI_2026spring/project/results/exp7_albef/seed_7/wandb/run-20260507_200043-n0x26t1r
wandb: Run `wandb offline` to turn off syncing.
wandb: Syncing run seed_7
wandb: 猸愶笍 View project at https://wandb.ai/jinzhta-massachusetts-institute-of-technology/mmai-mpppo-exp5
wandb: 馃殌 View run at https://wandb.ai/jinzhta-massachusetts-institute-of-technology/mmai-mpppo-exp5/runs/n0x26t1r
/home/jinzhta/.conda/envs/mpppo/lib/python3.11/site-packages/pymatgen/core/structure.py:3117: UserWarning: Issues encountered while parsing CIF: 1 fractional coordinates rounded to ideal values to avoid issues with finite precision.
  struct = parser.parse_structures(primitive=primitive)[0]
/home/jinzhta/.conda/envs/mpppo/lib/python3.11/site-packages/pymatgen/core/structure.py:3117: UserWarning: Issues encountered while parsing CIF: 2 fractional coordinates rounded to ideal values to avoid issues with finite precision.
  struct = parser.parse_structures(primitive=primitive)[0]
wandb: updating run metadata
wandb: uploading history steps 2576-2874, summary, console lines 30-37
wandb: 
wandb: Run history:
wandb:                  epoch 鈻佲杹鈻佲杺鈻傗杺鈻傗杺鈻傗杺鈻傗杺鈻傗杻鈻冣杻鈻冣杽鈻勨杽鈻呪枀鈻呪枀鈻呪枂鈻嗏枂鈻嗏枂鈻嗏枂鈻嗏枃鈻団枃鈻団枅鈻堚枅
wandb:            epoch/epoch 鈻佲杹鈻佲杹鈻佲杺鈻傗杺鈻傗杺鈻冣杻鈻冣杻鈻冣杽鈻勨杽鈻勨杽鈻勨枀鈻呪枀鈻呪枀鈻呪枀鈻呪枂鈻嗏枂鈻団枃鈻団枃鈻団枃鈻堚枅
wandb:               epoch/lr 鈻佲杺鈻勨枀鈻嗏枅鈻堚枅鈻堚枅鈻堚枅鈻堚枅鈻堚枅鈻堚枅鈻団枃鈻団枃鈻団枃鈻団枂鈻嗏枂鈻嗏枂鈻呪枀鈻呪枀鈻勨杽鈻勨杽鈻勨杻
wandb: epoch/train_loss_metal 鈻堚枅鈻団枃鈻嗏杽鈻冣杻鈻冣杺鈻傗杺鈻傗杹鈻佲杹鈻佲杹鈻佲杹鈻佲杹鈻佲杹鈻佲杹鈻佲杹鈻佲杹鈻佲杹鈻佲杹鈻佲杹鈻佲杹鈻佲杹
wandb:   epoch/train_loss_reg 鈻堚枃鈻堚枀鈻呪枀鈻勨枀鈻勨杽鈻勨杽鈻冣杻鈻冣杺鈻傗杺鈻傗杺鈻傗杺鈻傗杺鈻傗杹鈻佲杹鈻佲杺鈻佲杹鈻佲杹鈻佲杹鈻佲杹鈻佲杹
wandb: epoch/train_loss_total 鈻堚枂鈻嗏杽鈻勨杻鈻冣杺鈻傗杺鈻佲杹鈻傗杹鈻佲杹鈻佲杹鈻佲杹鈻佲杹鈻佲杹鈻佲杹鈻佲杹鈻佲杹鈻佲杹鈻佲杹鈻佲杹鈻佲杹鈻佲杹
wandb:   epoch/val_loss_total 鈻団枂鈻嗏枂鈻呪杽鈻勨杻鈻団枅鈻呪杽鈻勨杻鈻勨杻鈻嗏枀鈻嗏枀鈻勨枃鈻勨枂鈻嗏杻鈻冣杺鈻佲枂鈻勨枀鈻勨枂鈻冣杽鈻呪枀鈻団枃
wandb:          epoch/val_mae 鈻堚杽鈻傗杺鈻傗杺鈻傗杺鈻傗杻鈻傗杺鈻傗杹鈻傗杹鈻傗杹鈻佲杺鈻佲杹鈻傗杹鈻佲杹鈻傗杺鈻佲杹鈻佲杹鈻佲杺鈻佲杹鈻佲杹鈻佲杹
wandb:    epoch/val_metal_acc 鈻佲杻鈻傗枀鈻嗏枀鈻嗏杽鈻嗏枂鈻勨枀鈻嗏枀鈻堚枂鈻団枀鈻嗏杻鈻呪枃鈻団枀鈻嗏枃鈻嗏枃鈻団枅鈻堚枅鈻嗏枀鈻嗏枂鈻冣枀鈻呪枀
wandb:           epoch/val_r2 鈻佲枂鈻団枃鈻嗏枃鈻嗏枂鈻嗏枃鈻嗏枂鈻嗏枃鈻団枃鈻団枃鈻団枅鈻団枅鈻団枅鈻団枅鈻堚枅鈻堚枅鈻団枅鈻堚枅鈻堚枅鈻堚枃鈻団枃
wandb:                     +5 ...
wandb: 
wandb: Run summary:
wandb:                  epoch 115
wandb:            epoch/epoch 115
wandb:               epoch/lr 5e-05
wandb: epoch/train_loss_metal 0.00025
wandb:   epoch/train_loss_reg 0.01569
wandb: epoch/train_loss_total 0.01576
wandb:   epoch/val_loss_total 0.38082
wandb:          epoch/val_mae 0.5043
wandb:    epoch/val_metal_acc 0.8704
wandb:           epoch/val_r2 0.738
wandb:                     +8 ...
wandb: 
wandb: 馃殌 View run seed_7 at: https://wandb.ai/jinzhta-massachusetts-institute-of-technology/mmai-mpppo-exp5/runs/n0x26t1r
wandb: 猸愶笍 View project at: https://wandb.ai/jinzhta-massachusetts-institute-of-technology/mmai-mpppo-exp5
wandb: Synced 5 W&B file(s), 0 media file(s), 0 artifact file(s) and 0 other file(s)
wandb: Find logs at: ./results/exp7_albef/seed_7/wandb/run-20260507_200043-n0x26t1r/logs
