[2026-05-07 19:52:35] Exp2 finetune seed=2024 on node4402
[Exp2-finetune] Device: cuda
[Exp2-finetune] Train=383, Val=54, Test=56
[Exp2-finetune] Total params: 110,115,585, Trainable: 14,963,457
  Epoch   1 | loss=3.2458 | val MAE=1.2128 RMSE=1.4739 R2=0.0735
  Epoch   5 | loss=2.1212 | val MAE=1.0351 RMSE=1.2971 R2=0.2826
  Epoch  10 | loss=0.9778 | val MAE=0.7669 RMSE=0.9844 R2=0.5867
  Epoch  15 | loss=0.6297 | val MAE=0.6428 RMSE=0.9081 R2=0.6484
  Epoch  20 | loss=0.4863 | val MAE=0.6541 RMSE=0.8980 R2=0.6561
  Epoch  25 | loss=0.3912 | val MAE=0.6255 RMSE=0.8696 R2=0.6775
  Epoch  30 | loss=0.3092 | val MAE=0.6896 RMSE=0.9516 R2=0.6138
  Epoch  35 | loss=0.2586 | val MAE=0.6535 RMSE=0.8706 R2=0.6768
  Early stopping at epoch 39
[Exp2-finetune] Training done in 54.9s

[Exp2-finetune] Test Results:
  MAE  = 0.6574 eV
  RMSE = 0.9969 eV
  R2   = 0.6061
[Exp2-finetune] Results saved to /orcd/home/002/jinzhta/mpppo/MMAI_2026spring/project/results/exp2_scibert_multiseed/seed_2024/finetune/
[2026-05-07 19:53:40] Done seed=2024
