[2026-05-07 19:39:35] Starting Exp5b (no-warm) seed=7 on node1632
[Exp5] seed=7, device=cuda, amp=True, smoke=False
[Exp5] Train=383, Val=54, Test=56
[ckpt] CGCNN loaded — missing 0, unexpected 0
[ckpt] BERT  loaded — missing 0, unexpected 0
[Exp5] params total=110,723,011, trainable=15,570,883
  ep   1 | tr_loss=0.8708 | val MAE=1.6056 R2=-0.8523 metal_acc=0.796
  ep   5 | tr_loss=0.4566 | val MAE=0.6367 R2=0.6138 metal_acc=0.796
  ep  10 | tr_loss=0.3250 | val MAE=0.6605 R2=0.5176 metal_acc=0.796
  ep  15 | tr_loss=0.2175 | val MAE=0.6764 R2=0.4733 metal_acc=0.852
  ep  20 | tr_loss=0.1946 | val MAE=0.6491 R2=0.5149 metal_acc=0.889
  ep  25 | tr_loss=0.1802 | val MAE=0.6562 R2=0.4999 metal_acc=0.815
  ep  30 | tr_loss=0.1221 | val MAE=0.7207 R2=0.5061 metal_acc=0.852
  ep  35 | tr_loss=0.0980 | val MAE=0.7524 R2=0.4626 metal_acc=0.852
  ep  40 | tr_loss=0.0706 | val MAE=0.6197 R2=0.5899 metal_acc=0.852
  ep  45 | tr_loss=0.0695 | val MAE=0.6756 R2=0.5774 metal_acc=0.833
  ep  50 | tr_loss=0.0733 | val MAE=0.6271 R2=0.6192 metal_acc=0.852
  ep  55 | tr_loss=0.0542 | val MAE=0.5531 R2=0.6669 metal_acc=0.833
  ep  60 | tr_loss=0.0499 | val MAE=0.5832 R2=0.6302 metal_acc=0.870
  ep  65 | tr_loss=0.0567 | val MAE=0.5361 R2=0.6498 metal_acc=0.852
  ep  70 | tr_loss=0.0457 | val MAE=0.5810 R2=0.6419 metal_acc=0.870
  ep  75 | tr_loss=0.0335 | val MAE=0.5627 R2=0.6857 metal_acc=0.815
  ep  80 | tr_loss=0.0391 | val MAE=0.5322 R2=0.7201 metal_acc=0.833
  ep  85 | tr_loss=0.0374 | val MAE=0.4916 R2=0.7354 metal_acc=0.852
  ep  90 | tr_loss=0.0409 | val MAE=0.5190 R2=0.7113 metal_acc=0.889
  ep  95 | tr_loss=0.0272 | val MAE=0.4641 R2=0.7567 metal_acc=0.907
  ep 100 | tr_loss=0.0295 | val MAE=0.4826 R2=0.7427 metal_acc=0.852
  ep 105 | tr_loss=0.0244 | val MAE=0.5064 R2=0.7331 metal_acc=0.907
  ep 110 | tr_loss=0.0262 | val MAE=0.5119 R2=0.7260 metal_acc=0.889
  ep 115 | tr_loss=0.0219 | val MAE=0.5051 R2=0.7385 metal_acc=0.926
  ep 120 | tr_loss=0.0253 | val MAE=0.4831 R2=0.7406 metal_acc=0.907
  ep 125 | tr_loss=0.0218 | val MAE=0.5021 R2=0.7328 metal_acc=0.926
  ep 130 | tr_loss=0.0227 | val MAE=0.4615 R2=0.7605 metal_acc=0.889
  ep 135 | tr_loss=0.0238 | val MAE=0.4378 R2=0.7879 metal_acc=0.889
  ep 140 | tr_loss=0.0183 | val MAE=0.4402 R2=0.7849 metal_acc=0.907
  ep 145 | tr_loss=0.0176 | val MAE=0.4245 R2=0.7951 metal_acc=0.907
  ep 150 | tr_loss=0.0188 | val MAE=0.4449 R2=0.7783 metal_acc=0.926
  ep 155 | tr_loss=0.0175 | val MAE=0.4642 R2=0.7777 metal_acc=0.926
  ep 160 | tr_loss=0.0156 | val MAE=0.4470 R2=0.7808 metal_acc=0.907
  ep 165 | tr_loss=0.0155 | val MAE=0.4369 R2=0.7950 metal_acc=0.907
  ep 170 | tr_loss=0.0160 | val MAE=0.4589 R2=0.7782 metal_acc=0.926
  ep 175 | tr_loss=0.0181 | val MAE=0.4509 R2=0.7823 metal_acc=0.926
  ep 180 | tr_loss=0.0178 | val MAE=0.4365 R2=0.7936 metal_acc=0.907
  Early stop @ epoch 184
[Exp5] training done in 101.3s, best val MAE=0.4209

[Exp5] TEST seed=7: MAE=0.5077 RMSE=0.9252 R2=0.6608 metal_acc=0.786
[Exp5] saved → /orcd/home/002/jinzhta/mpppo/MMAI_2026spring/project/results/exp5b_multitask_film_nowarm/seed_7/
[2026-05-07 19:41:28] Done seed=7
