wandb: [wandb.login()] Loaded credentials for https://api.wandb.ai from /home/jinzhta/.netrc.
wandb: Currently logged in as: jinzhta (jinzhta-massachusetts-institute-of-technology) to https://api.wandb.ai. Use `wandb login --relogin` to force relogin
wandb: Tracking run with wandb version 0.26.1
wandb: Run data is saved locally in /orcd/home/002/jinzhta/mpppo/MMAI_2026spring/project/results/exp6_crossattn/seed_7/wandb/run-20260507_193743-xh75qrz6
wandb: Run `wandb offline` to turn off syncing.
wandb: Syncing run seed_7
wandb: 猸愶笍 View project at https://wandb.ai/jinzhta-massachusetts-institute-of-technology/mmai-mpppo-exp6
wandb: 馃殌 View run at https://wandb.ai/jinzhta-massachusetts-institute-of-technology/mmai-mpppo-exp6/runs/xh75qrz6
/home/jinzhta/.conda/envs/mpppo/lib/python3.11/site-packages/pymatgen/core/structure.py:3117: UserWarning: Issues encountered while parsing CIF: 2 fractional coordinates rounded to ideal values to avoid issues with finite precision.
  struct = parser.parse_structures(primitive=primitive)[0]
/home/jinzhta/.conda/envs/mpppo/lib/python3.11/site-packages/pymatgen/core/structure.py:3117: UserWarning: Issues encountered while parsing CIF: 1 fractional coordinates rounded to ideal values to avoid issues with finite precision.
  struct = parser.parse_structures(primitive=primitive)[0]
wandb: updating run metadata
wandb: uploading history steps 1742-1799, summary, console lines 22-27
wandb: 
wandb: Run history:
wandb:                  epoch 鈻佲杹鈻佲杹鈻傗杺鈻傗杺鈻傗杺鈻冣杻鈻冣杻鈻冣杻鈻冣杻鈻勨杽鈻勨枀鈻呪枀鈻呪枀鈻呪枀鈻嗏枂鈻嗏枃鈻団枃鈻団枃鈻団枅鈻堚枅
wandb:            epoch/epoch 鈻佲杹鈻佲杺鈻傗杺鈻傗杺鈻傗杺鈻冣杻鈻冣杻鈻冣杻鈻勨杽鈻勨杽鈻呪枀鈻呪枀鈻呪枀鈻呪枂鈻嗏枂鈻嗏枃鈻団枃鈻団枃鈻堚枅鈻堚枅
wandb:               epoch/lr 鈻佲杹鈻傗杺鈻冣杽鈻勨杽鈻呪枀鈻嗏枃鈻団枃鈻堚枅鈻堚枅鈻堚枅鈻堚枅鈻堚枅鈻堚枅鈻堚枃鈻団枃鈻団枃鈻団枃鈻団枃鈻団枃鈻団枃
wandb: epoch/train_loss_metal 鈻堚枅鈻堚枅鈻堚枅鈻堚枅鈻堚枅鈻団枃鈻団枂鈻嗏杽鈻勨杽鈻冣杻鈻冣杻鈻傗杺鈻傗杺鈻傗杺鈻傗杺鈻傗杺鈻傗杹鈻佲杹鈻佲杹鈻佲杹
wandb:   epoch/train_loss_reg 鈻堚枅鈻堚枅鈻堚枃鈻嗏枂鈻呪枀鈻勨杽鈻冣杺鈻傗杺鈻傗杺鈻傗杺鈻佲杺鈻佲杺鈻佲杹鈻佲杹鈻佲杹鈻佲杹鈻佲杹鈻佲杹鈻佲杹鈻佲杹
wandb: epoch/train_loss_total 鈻堚枅鈻堚枅鈻堚枂鈻嗏枀鈻呪杽鈻冣杻鈻冣杺鈻傗杺鈻傗杺鈻傗杺鈻佲杺鈻佲杺鈻佲杹鈻佲杹鈻佲杹鈻佲杹鈻佲杹鈻佲杹鈻佲杹鈻佲杹
wandb:   epoch/val_loss_total 鈻堚枅鈻堚枅鈻堚枃鈻団枃鈻嗏枀鈻勨杻鈻冣杻鈻冣杺鈻傗杺鈻傗杺鈻傗杺鈻傗杺鈻佲杹鈻傗杺鈻傗杺鈻傗杺鈻傗杺鈻傗杺鈻傗杺鈻傗杺
wandb:          epoch/val_mae 鈻堚枅鈻堚枅鈻堚枅鈻団枃鈻団枂鈻勨杽鈻冣杻鈻冣杺鈻傗杺鈻傗杺鈻傗杺鈻佲杹鈻佲杺鈻傗杺鈻佲杹鈻傗杺鈻佲杹鈻傗杹鈻傗杺鈻佲杹
wandb:    epoch/val_metal_acc 鈻佲杹鈻佲杹鈻佲杹鈻佲杺鈻団枂鈻冣杻鈻呪枀鈻団枀鈻嗏枂鈻嗏枂鈻呪枅鈻団枃鈻堚枂鈻堚枂鈻堚枂鈻団枃鈻嗏枃鈻堚枅鈻団枃鈻団枃
wandb:           epoch/val_r2 鈻佲杹鈻佲杺鈻傗杻鈻冣杽鈻呪枀鈻団枃鈻団枃鈻団枅鈻団枃鈻堚枃鈻団枅鈻堚枅鈻団枅鈻堚枅鈻堚枅鈻堚枅鈻堚枅鈻堚枅鈻堚枃鈻団枅
wandb:                     +5 ...
wandb: 
wandb: Run summary:
wandb:                  epoch 72
wandb:            epoch/epoch 72
wandb:               epoch/lr 4e-05
wandb: epoch/train_loss_metal 0.01653
wandb:   epoch/train_loss_reg 0.06793
wandb: epoch/train_loss_total 0.07289
wandb:   epoch/val_loss_total 0.33889
wandb:          epoch/val_mae 0.5641
wandb:    epoch/val_metal_acc 0.8889
wandb:           epoch/val_r2 0.5751
wandb:                     +8 ...
wandb: 
wandb: 馃殌 View run seed_7 at: https://wandb.ai/jinzhta-massachusetts-institute-of-technology/mmai-mpppo-exp6/runs/xh75qrz6
wandb: 猸愶笍 View project at: https://wandb.ai/jinzhta-massachusetts-institute-of-technology/mmai-mpppo-exp6
wandb: Synced 5 W&B file(s), 0 media file(s), 0 artifact file(s) and 0 other file(s)
wandb: Find logs at: ./results/exp6_crossattn/seed_7/wandb/run-20260507_193743-xh75qrz6/logs
