wandb: [wandb.login()] Loaded credentials for https://api.wandb.ai from /home/jinzhta/.netrc.
wandb: Currently logged in as: jinzhta (jinzhta-massachusetts-institute-of-technology) to https://api.wandb.ai. Use `wandb login --relogin` to force relogin
wandb: Tracking run with wandb version 0.26.1
wandb: Run data is saved locally in /orcd/home/002/jinzhta/mpppo/MMAI_2026spring/project/results/exp8_three_modality/seed_1337/wandb/run-20260507_200436-kwacl73m
wandb: Run `wandb offline` to turn off syncing.
wandb: Syncing run seed_1337
wandb: ⭐️ View project at https://wandb.ai/jinzhta-massachusetts-institute-of-technology/mmai-mpppo-exp8
wandb: 🚀 View run at https://wandb.ai/jinzhta-massachusetts-institute-of-technology/mmai-mpppo-exp8/runs/kwacl73m
/home/jinzhta/.conda/envs/mpppo/lib/python3.11/site-packages/pymatgen/core/structure.py:3117: UserWarning: Issues encountered while parsing CIF: 2 fractional coordinates rounded to ideal values to avoid issues with finite precision.
  struct = parser.parse_structures(primitive=primitive)[0]
/home/jinzhta/.conda/envs/mpppo/lib/python3.11/site-packages/pymatgen/core/structure.py:3117: UserWarning: Issues encountered while parsing CIF: 1 fractional coordinates rounded to ideal values to avoid issues with finite precision.
  struct = parser.parse_structures(primitive=primitive)[0]
wandb: updating run metadata
wandb: uploading wandb-summary.json
wandb: 
wandb: Run history:
wandb:                  epoch ▁▁▂▂▂▂▃▃▃▃▃▃▃▄▄▄▄▄▅▅▆▆▆▆▆▇▇▇▇▇▇▇▇▇▇█████
wandb:            epoch/epoch ▁▁▁▂▂▂▂▂▂▃▃▃▃▃▃▄▄▄▄▄▅▅▅▅▅▅▅▆▆▆▆▇▇▇▇█████
wandb:               epoch/lr ▁▂▅▅▆██████▇▇▇▇▇▆▆▅▅▅▄▄▄▄▃▃▃▂▂▂▂▂▁▁▁▁▁▁▁
wandb: epoch/train_loss_metal ██▇▆▅▃▃▂▂▂▁▂▁▁▁▁▁▁▁▁▁▁▁▁▁▁▁▁▁▁▁▁▁▁▁▁▁▁▁▁
wandb:   epoch/train_loss_reg ██▃▂▂▂▁▁▂▁▁▁▁▁▁▁▁▁▁▁▁▁▁▁▁▁▁▁▁▁▁▁▁▁▁▁▁▁▁▁
wandb: epoch/train_loss_total █▃▃▂▂▂▂▁▁▁▁▁▁▁▁▁▁▁▁▁▁▁▁▁▁▁▁▁▁▁▁▁▁▁▁▁▁▁▁▁
wandb:   epoch/val_loss_total ███▅▂▂▂▂▂▂▂▂▁▂▁▂▂▂▂▂▂▂▂▁▁▁▁▁▁▁▁▁▁▁▁▁▁▁▁▁
wandb:          epoch/val_mae █▇▃▂▂▂▂▂▂▂▂▂▂▂▂▂▂▂▂▂▂▂▂▁▁▁▁▁▁▁▁▁▁▁▁▁▁▁▁▁
wandb:    epoch/val_metal_acc ▄▃▅▃▄▅▅▃▅▅▄▁▄▅▅▅▅▅▅▅▅▅▅▅▅▅▆▄▅▅▅▆█▇█▆▇█▆█
wandb:           epoch/val_r2 ▁▃▇▇▇█▇█▇█████▇█████████████████████████
wandb:                     +5 ...
wandb: 
wandb: Run summary:
wandb:                  epoch 200
wandb:            epoch/epoch 200
wandb:               epoch/lr 0
wandb: epoch/train_loss_metal 0.00047
wandb:   epoch/train_loss_reg 0.01663
wandb: epoch/train_loss_total 0.01677
wandb:   epoch/val_loss_total 0.29231
wandb:          epoch/val_mae 0.4471
wandb:    epoch/val_metal_acc 0.9259
wandb:           epoch/val_r2 0.7677
wandb:                     +8 ...
wandb: 
wandb: 🚀 View run seed_1337 at: https://wandb.ai/jinzhta-massachusetts-institute-of-technology/mmai-mpppo-exp8/runs/kwacl73m
wandb: ⭐️ View project at: https://wandb.ai/jinzhta-massachusetts-institute-of-technology/mmai-mpppo-exp8
wandb: Synced 5 W&B file(s), 0 media file(s), 0 artifact file(s) and 0 other file(s)
wandb: Find logs at: ./results/exp8_three_modality/seed_1337/wandb/run-20260507_200436-kwacl73m/logs
