wandb: [wandb.login()] Loaded credentials for https://api.wandb.ai from /home/jinzhta/.netrc.
wandb: Currently logged in as: jinzhta (jinzhta-massachusetts-institute-of-technology) to https://api.wandb.ai. Use `wandb login --relogin` to force relogin
wandb: Tracking run with wandb version 0.26.1
wandb: Run data is saved locally in /orcd/home/002/jinzhta/mpppo/MMAI_2026spring/project/results/exp8_three_modality/seed_42/wandb/run-20260507_200439-qqxlacpf
wandb: Run `wandb offline` to turn off syncing.
wandb: Syncing run seed_42
wandb: 猸愶笍 View project at https://wandb.ai/jinzhta-massachusetts-institute-of-technology/mmai-mpppo-exp8
wandb: 馃殌 View run at https://wandb.ai/jinzhta-massachusetts-institute-of-technology/mmai-mpppo-exp8/runs/qqxlacpf
/home/jinzhta/.conda/envs/mpppo/lib/python3.11/site-packages/pymatgen/core/structure.py:3117: UserWarning: Issues encountered while parsing CIF: 2 fractional coordinates rounded to ideal values to avoid issues with finite precision.
  struct = parser.parse_structures(primitive=primitive)[0]
/home/jinzhta/.conda/envs/mpppo/lib/python3.11/site-packages/pymatgen/core/structure.py:3117: UserWarning: Issues encountered while parsing CIF: 1 fractional coordinates rounded to ideal values to avoid issues with finite precision.
  struct = parser.parse_structures(primitive=primitive)[0]
wandb: updating run metadata
wandb: uploading summary, console lines 38-40
wandb: 
wandb: Run history:
wandb:                  epoch 鈻佲杹鈻佲杹鈻傗杺鈻傗杺鈻冣杻鈻冣杽鈻勨杽鈻勨杽鈻勨杽鈻勨枀鈻呪枀鈻呪枀鈻呪枂鈻嗏枂鈻嗏枂鈻嗏枂鈻嗏枃鈻団枃鈻堚枅鈻堚枅
wandb:            epoch/epoch 鈻佲杹鈻佲杹鈻傗杺鈻傗杻鈻冣杻鈻冣杻鈻勨杽鈻勨杽鈻勨枀鈻呪枀鈻呪枀鈻呪枀鈻嗏枂鈻嗏枂鈻嗏枃鈻団枃鈻団枃鈻団枅鈻堚枅鈻堚枅
wandb:               epoch/lr 鈻佲杺鈻冣杽鈻呪枅鈻堚枅鈻堚枅鈻堚枅鈻堚枅鈻堚枅鈻堚枃鈻団枃鈻団枃鈻団枂鈻嗏枂鈻嗏枂鈻嗏枀鈻勨杽鈻勨杽鈻勨杻鈻冣杻鈻冣杻
wandb: epoch/train_loss_metal 鈻堚枅鈻堚枅鈻呪杽鈻冣杻鈻傗杺鈻佲杺鈻傗杺鈻佲杹鈻傗杹鈻佲杹鈻佲杹鈻佲杹鈻佲杹鈻佲杹鈻佲杹鈻佲杹鈻佲杹鈻佲杹鈻佲杹鈻佲杹
wandb:   epoch/train_loss_reg 鈻堚枅鈻堚枂鈻呪杺鈻傗杺鈻傗杺鈻傗杺鈻傗杹鈻佲杹鈻佲杹鈻佲杹鈻佲杹鈻佲杹鈻佲杹鈻佲杹鈻佲杹鈻佲杹鈻佲杹鈻佲杹鈻佲杹鈻佲杹
wandb: epoch/train_loss_total 鈻堚枂鈻勨杻鈻傗杺鈻傗杺鈻傗杺鈻傗杺鈻傗杹鈻佲杹鈻佲杹鈻傗杹鈻佲杹鈻佲杹鈻佲杹鈻佲杹鈻佲杹鈻佲杹鈻佲杹鈻佲杹鈻佲杹鈻佲杹
wandb:   epoch/val_loss_total 鈻堚杻鈻勨杻鈻傗杹鈻傗杻鈻冣杹鈻佲杺鈻傗杺鈻傗杹鈻傗杺鈻傗杺鈻傗杺鈻佲杹鈻佲杺鈻佲杹鈻佲杹鈻佲杹鈻佲杺鈻傗杺鈻傗杺鈻傗杹
wandb:          epoch/val_mae 鈻堚枂鈻勨杺鈻傗杻鈻傗杺鈻傗杺鈻傗杺鈻傗杺鈻傗杺鈻傗杺鈻傗杹鈻傗杹鈻傗杺鈻傗杹鈻佲杹鈻傗杹鈻佲杹鈻佲杹鈻佲杹鈻佲杹鈻佲杹
wandb:    epoch/val_metal_acc 鈻佲杹鈻佲枂鈻冣杽鈻勨枂鈻嗏杻鈻嗏杽鈻団枃鈻団枂鈻呪枃鈻冣枀鈻嗏枀鈻嗏枂鈻呪枂鈻堚枂鈻団枃鈻堚枃鈻堚枅鈻堚枃鈻団枃鈻勨枃
wandb:           epoch/val_r2 鈻傗杽鈻冣杻鈻佲杹鈻勨杻鈻冣杽鈻冣杻鈻傗杽鈻勨杻鈻勨枀鈻勨杽鈻呪枀鈻勨枂鈻嗏枂鈻嗏枃鈻嗏枅鈻団枃鈻団枅鈻団枃鈻団枃鈻堚枃
wandb:                     +5 ...
wandb: 
wandb: Run summary:
wandb:                  epoch 135
wandb:            epoch/epoch 135
wandb:               epoch/lr 3e-05
wandb: epoch/train_loss_metal 0.0006
wandb:   epoch/train_loss_reg 0.02252
wandb: epoch/train_loss_total 0.0227
wandb:   epoch/val_loss_total 0.31022
wandb:          epoch/val_mae 0.4877
wandb:    epoch/val_metal_acc 0.9074
wandb:           epoch/val_r2 0.7218
wandb:                     +8 ...
wandb: 
wandb: 馃殌 View run seed_42 at: https://wandb.ai/jinzhta-massachusetts-institute-of-technology/mmai-mpppo-exp8/runs/qqxlacpf
wandb: 猸愶笍 View project at: https://wandb.ai/jinzhta-massachusetts-institute-of-technology/mmai-mpppo-exp8
wandb: Synced 5 W&B file(s), 0 media file(s), 0 artifact file(s) and 0 other file(s)
wandb: Find logs at: ./results/exp8_three_modality/seed_42/wandb/run-20260507_200439-qqxlacpf/logs
