wandb: [wandb.login()] Loaded credentials for https://api.wandb.ai from /home/jinzhta/.netrc.
wandb: Currently logged in as: jinzhta (jinzhta-massachusetts-institute-of-technology) to https://api.wandb.ai. Use `wandb login --relogin` to force relogin
wandb: Tracking run with wandb version 0.26.1
wandb: Run data is saved locally in /orcd/home/002/jinzhta/mpppo/MMAI_2026spring/project/results/exp8_three_modality/seed_7/wandb/run-20260507_200435-j067kjub
wandb: Run `wandb offline` to turn off syncing.
wandb: Syncing run seed_7
wandb: 猸愶笍 View project at https://wandb.ai/jinzhta-massachusetts-institute-of-technology/mmai-mpppo-exp8
wandb: 馃殌 View run at https://wandb.ai/jinzhta-massachusetts-institute-of-technology/mmai-mpppo-exp8/runs/j067kjub
/home/jinzhta/.conda/envs/mpppo/lib/python3.11/site-packages/pymatgen/core/structure.py:3117: UserWarning: Issues encountered while parsing CIF: 2 fractional coordinates rounded to ideal values to avoid issues with finite precision.
  struct = parser.parse_structures(primitive=primitive)[0]
/home/jinzhta/.conda/envs/mpppo/lib/python3.11/site-packages/pymatgen/core/structure.py:3117: UserWarning: Issues encountered while parsing CIF: 1 fractional coordinates rounded to ideal values to avoid issues with finite precision.
  struct = parser.parse_structures(primitive=primitive)[0]
wandb: updating run metadata
wandb: uploading output.log; uploading wandb-summary.json; uploading config.yaml
wandb: 
wandb: Run history:
wandb:                  epoch 鈻佲杹鈻佲杹鈻佲杹鈻佲杺鈻傗杺鈻冣杻鈻冣杻鈻冣杽鈻勨杽鈻勨杽鈻勨枀鈻呪枀鈻呪枀鈻呪枀鈻呪枂鈻嗏枃鈻団枃鈻団枃鈻団枅鈻堚枅
wandb:            epoch/epoch 鈻佲杹鈻佲杹鈻佲杹鈻佲杺鈻傗杺鈻傗杺鈻傗杻鈻冣杻鈻冣杻鈻冣杻鈻勨枀鈻呪枀鈻呪枀鈻呪枂鈻嗏枂鈻嗏枂鈻団枃鈻団枃鈻団枅鈻堚枅
wandb:               epoch/lr 鈻佲杺鈻冣杻鈻嗏枃鈻団枅鈻堚枅鈻堚枅鈻堚枅鈻堚枃鈻団枃鈻団枃鈻嗏枂鈻嗏枂鈻嗏枀鈻呪杽鈻勨杻鈻冣杻鈻傗杺鈻傗杺鈻傗杺鈻傗杺
wandb: epoch/train_loss_metal 鈻堚枅鈻堚杻鈻冣杺鈻佲杺鈻佲杺鈻佲杹鈻佲杺鈻佲杹鈻佲杹鈻佲杹鈻佲杹鈻佲杹鈻佲杹鈻佲杹鈻佲杹鈻佲杹鈻佲杹鈻佲杹鈻佲杹鈻佲杹
wandb:   epoch/train_loss_reg 鈻堚杻鈻傗杺鈻傗杺鈻傗杹鈻佲杹鈻佲杹鈻佲杹鈻佲杹鈻佲杹鈻佲杹鈻佲杹鈻佲杹鈻佲杹鈻佲杹鈻佲杹鈻佲杹鈻佲杹鈻佲杹鈻佲杹鈻佲杹
wandb: epoch/train_loss_total 鈻堚枂鈻傗杺鈻傗杺鈻傗杺鈻傗杺鈻佲杹鈻佲杹鈻佲杹鈻佲杹鈻佲杹鈻佲杹鈻佲杹鈻佲杹鈻佲杹鈻佲杹鈻佲杹鈻佲杹鈻佲杹鈻佲杹鈻佲杹
wandb:   epoch/val_loss_total 鈻堚枅鈻呪杺鈻傗杺鈻傗杺鈻傗杺鈻傗杺鈻傗杺鈻傗杺鈻傗杺鈻佲杺鈻佲杺鈻佲杺鈻傗杺鈻傗杹鈻佲杹鈻佲杹鈻佲杹鈻佲杹鈻佲杹鈻佲杹
wandb:          epoch/val_mae 鈻堚杺鈻冣杺鈻傗杺鈻傗杺鈻傗杺鈻傗杺鈻傗杺鈻傗杺鈻傗杺鈻佲杹鈻佲杹鈻佲杹鈻佲杺鈻佲杺鈻佲杹鈻佲杹鈻佲杹鈻佲杹鈻佲杹鈻佲杹
wandb:    epoch/val_metal_acc 鈻傗杹鈻呪枀鈻冣枀鈻冣枂鈻冣枀鈻勨杽鈻呪枀鈻冣枀鈻呪枂鈻嗏枅鈻嗏枀鈻呪枀鈻呪枀鈻勨枀鈻呪枀鈻呪枀鈻呪枀鈻呪枂鈻呪枀鈻呪枂
wandb:           epoch/val_r2 鈻佲杹鈻団枃鈻団枃鈻団枃鈻団枅鈻団枃鈻団枃鈻団枃鈻団枅鈻堚枅鈻堚枅鈻堚枅鈻堚枅鈻堚枅鈻堚枅鈻堚枅鈻堚枅鈻堚枅鈻堚枅鈻堚枅
wandb:                     +5 ...
wandb: 
wandb: Run summary:
wandb:                  epoch 159
wandb:            epoch/epoch 159
wandb:               epoch/lr 1e-05
wandb: epoch/train_loss_metal 0.0003
wandb:   epoch/train_loss_reg 0.01722
wandb: epoch/train_loss_total 0.01731
wandb:   epoch/val_loss_total 0.31149
wandb:          epoch/val_mae 0.4809
wandb:    epoch/val_metal_acc 0.8889
wandb:           epoch/val_r2 0.7217
wandb:                     +8 ...
wandb: 
wandb: 馃殌 View run seed_7 at: https://wandb.ai/jinzhta-massachusetts-institute-of-technology/mmai-mpppo-exp8/runs/j067kjub
wandb: 猸愶笍 View project at: https://wandb.ai/jinzhta-massachusetts-institute-of-technology/mmai-mpppo-exp8
wandb: Synced 5 W&B file(s), 0 media file(s), 0 artifact file(s) and 0 other file(s)
wandb: Find logs at: ./results/exp8_three_modality/seed_7/wandb/run-20260507_200435-j067kjub/logs
